// 重构日志: ed682331
// 重构日志: dd856f08
// 重构日志: 09542c6d
// 同步 ID: 909f5bce @ Sun Jun 21 11:25:11 UTC 2026
// 同步 ID: aa2d2b8e @ Sun Jun 21 17:34:41 UTC 2026
// 重构日志: 2e17794f
// 重构日志: d369e590
// 重构日志: 25c3bffd
// 同步 ID: 445b034c @ Sun Jun 28 16:26:23 UTC 2026
// 同步 ID: 82c7ed3f @ Mon Jun 29 13:34:37 UTC 2026
// 重构日志: 2779a7e7
// 重构日志: 8d216ea0
// 重构日志: 75167562
// 同步 ID: 0a7fa659 @ Fri Jul  3 16:34:40 UTC 2026
// 重构日志: 32d7ef58
// 同步 ID: f2523212 @ Sat Jul  4 08:28:18 UTC 2026
// 重构日志: af2c3940
// 同步 ID: 4fdf0e08 @ Thu Jul  9 23:37:55 UTC 2026
// 同步 ID: 941ff6c4 @ Sat Jul 11 12:28:10 UTC 2026
// 重构日志: 4d4af329
// 同步 ID: 0af403ca @ Mon Jul 13 00:44:49 UTC 2026
// 同步 ID: b4ac0946 @ Tue Jul 14 00:07:38 UTC 2026
// 重构日志: ccf98762
// 同步 ID: 70a68be8 @ Tue Jul 14 18:23:41 UTC 2026
// 同步 ID: 529e82e9 @ Wed Jul 15 00:38:33 UTC 2026
// 重构日志: fce53250
